2025-10-17 09:39:57,218 - INFO - [__init__] ============================================================
2025-10-17 09:39:57,218 - INFO - [__init__] ASGARD GUI - MOTOR TO AXIS MAPPING
2025-10-17 09:39:57,219 - INFO - [__init__] ============================================================
2025-10-17 09:39:57,219 - INFO - [__init__] Firmware type: RRF
2025-10-17 09:39:57,249 - INFO - [__init__] ------------------------------------------------------------
2025-10-17 09:39:57,254 - INFO - [__init__] ============================================================
2025-10-17 09:41:16,311 - INFO - [__init__] ============================================================
2025-10-17 09:41:16,311 - INFO - [__init__] ASGARD GUI - MOTOR TO AXIS MAPPING
2025-10-17 09:41:16,313 - INFO - [__init__] ============================================================
2025-10-17 09:41:16,313 - INFO - [__init__] Firmware type: RRF
2025-10-17 09:41:16,372 - INFO - [__init__] ------------------------------------------------------------
2025-10-17 09:41:16,376 - INFO - [__init__] ============================================================
2025-10-17 11:12:48,285 - INFO - [__init__] ============================================================
2025-10-17 11:12:48,286 - INFO - [__init__] ASGARD GUI - MOTOR TO AXIS MAPPING
2025-10-17 11:12:48,286 - INFO - [__init__] ============================================================
2025-10-17 11:12:48,286 - INFO - [__init__] Firmware type: RRF
2025-10-17 11:12:48,287 - INFO - [__init__] GUI Control -> Firmware Axis -> Physical Motor
2025-10-17 11:12:48,287 - INFO - [__init__] ------------------------------------------------------------
2025-10-17 11:12:48,287 - INFO - [__init__] Art1 (Joint 1) -> X axis -> Drive 0
2025-10-17 11:12:48,287 - INFO - [__init__] Art2 (Joint 2) -> Y axis -> Drives 1+2 (COUPLED)
2025-10-17 11:12:48,287 - INFO - [__init__] Art3 (Joint 3) -> Z axis -> Drive 3
2025-10-17 11:12:48,287 - INFO - [__init__] Art4 (Joint 4) -> U axis -> Drive 4
2025-10-17 11:12:48,287 - INFO - [__init__] Art5 (Joint 5) -> V axis -> Drive 5
2025-10-17 11:12:48,287 - INFO - [__init__] Art6 (Joint 6) -> W axis -> Drive 6
2025-10-17 11:12:48,287 - INFO - [__init__] ============================================================
2025-10-17 11:12:58,712 - ERROR - [updateFKPosDisplay] Error parsing RRF status: Expecting value: line 1 column 395 (char 394)
2025-10-17 11:12:59,726 - ERROR - [updateFKPosDisplay] Error parsing RRF status: Expecting value: line 1 column 395 (char 394)
2025-10-17 11:13:00,749 - ERROR - [updateFKPosDisplay] Error parsing RRF status: Expecting value: line 1 column 395 (char 394)
2025-10-17 11:13:01,764 - ERROR - [updateFKPosDisplay] Error parsing RRF status: Expecting value: line 1 column 395 (char 394)
2025-10-17 11:13:02,775 - ERROR - [updateFKPosDisplay] Error parsing RRF status: Expecting value: line 1 column 395 (char 394)
2025-10-17 11:13:03,791 - ERROR - [updateFKPosDisplay] Error parsing RRF status: Expecting value: line 1 column 395 (char 394)
2025-10-17 11:13:04,812 - ERROR - [updateFKPosDisplay] Error parsing RRF status: Expecting value: line 1 column 395 (char 394)
2025-10-17 11:13:05,830 - ERROR - [updateFKPosDisplay] Error parsing RRF status: Expecting value: line 1 column 395 (char 394)
2025-10-17 11:13:06,858 - ERROR - [updateFKPosDisplay] Error parsing RRF status: Expecting value: line 1 column 395 (char 394)
2025-10-17 11:13:07,869 - ERROR - [updateFKPosDisplay] Error parsing RRF status: Expecting value: line 1 column 395 (char 394)
2025-10-17 11:13:08,886 - ERROR - [updateFKPosDisplay] Error parsing RRF status: Expecting value: line 1 column 395 (char 394)
2025-10-17 11:13:09,906 - ERROR - [updateFKPosDisplay] Error parsing RRF status: Expecting value: line 1 column 395 (char 394)
2025-10-17 11:13:10,926 - ERROR - [updateFKPosDisplay] Error parsing RRF status: Expecting value: line 1 column 395 (char 394)
2025-10-17 11:13:11,957 - ERROR - [updateFKPosDisplay] Error parsing RRF status: Expecting value: line 1 column 395 (char 394)
2025-10-17 11:13:13,033 - ERROR - [updateFKPosDisplay] Error parsing RRF status: Expecting value: line 1 column 395 (char 394)
2025-10-17 11:13:13,992 - ERROR - [updateFKPosDisplay] Error parsing RRF status: Expecting value: line 1 column 395 (char 394)
2025-10-17 11:13:15,013 - ERROR - [updateFKPosDisplay] Error parsing RRF status: Expecting value: line 1 column 395 (char 394)
2025-10-17 11:13:16,036 - ERROR - [updateFKPosDisplay] Error parsing RRF status: Expecting value: line 1 column 395 (char 394)
2025-10-17 11:13:17,050 - ERROR - [updateFKPosDisplay] Error parsing RRF status: Expecting value: line 1 column 395 (char 394)
2025-10-17 11:13:18,076 - ERROR - [updateFKPosDisplay] Error parsing RRF status: Expecting value: line 1 column 395 (char 394)
2025-10-17 11:13:19,089 - ERROR - [updateFKPosDisplay] Error parsing RRF status: Expecting value: line 1 column 395 (char 394)
2025-10-17 11:13:20,117 - ERROR - [updateFKPosDisplay] Error parsing RRF status: Expecting value: line 1 column 395 (char 394)
2025-10-17 11:13:21,156 - ERROR - [updateFKPosDisplay] Error parsing RRF status: Expecting value: line 1 column 395 (char 394)
2025-10-17 11:13:22,187 - ERROR - [updateFKPosDisplay] Error parsing RRF status: Expecting value: line 1 column 395 (char 394)
2025-10-17 11:13:23,201 - ERROR - [updateFKPosDisplay] Error parsing RRF status: Expecting value: line 1 column 395 (char 394)
2025-10-17 11:13:24,231 - ERROR - [updateFKPosDisplay] Error parsing RRF status: Expecting value: line 1 column 395 (char 394)
2025-10-17 11:13:25,260 - ERROR - [updateFKPosDisplay] Error parsing RRF status: Expecting value: line 1 column 395 (char 394)
2025-10-17 11:13:26,283 - ERROR - [updateFKPosDisplay] Error parsing RRF status: Expecting value: line 1 column 395 (char 394)
2025-10-17 11:13:27,323 - ERROR - [updateFKPosDisplay] Error parsing RRF status: Expecting value: line 1 column 395 (char 394)
2025-10-17 11:13:28,349 - ERROR - [updateFKPosDisplay] Error parsing RRF status: Expecting value: line 1 column 395 (char 394)
2025-10-17 11:13:29,361 - ERROR - [updateFKPosDisplay] Error parsing RRF status: Expecting value: line 1 column 395 (char 394)
2025-10-17 11:13:30,392 - ERROR - [updateFKPosDisplay] Error parsing RRF status: Expecting value: line 1 column 395 (char 394)
2025-10-17 11:13:31,426 - ERROR - [updateFKPosDisplay] Error parsing RRF status: Expecting value: line 1 column 395 (char 394)
2025-10-17 11:13:32,456 - ERROR - [updateFKPosDisplay] Error parsing RRF status: Expecting value: line 1 column 395 (char 394)
2025-10-17 11:13:33,487 - ERROR - [updateFKPosDisplay] Error parsing RRF status: Expecting value: line 1 column 395 (char 394)
2025-10-17 11:13:34,526 - ERROR - [updateFKPosDisplay] Error parsing RRF status: Expecting value: line 1 column 395 (char 394)
2025-10-17 11:13:35,555 - ERROR - [updateFKPosDisplay] Error parsing RRF status: Expecting value: line 1 column 395 (char 394)
2025-10-17 11:13:36,582 - ERROR - [updateFKPosDisplay] Error parsing RRF status: Expecting value: line 1 column 395 (char 394)
2025-10-17 11:13:37,624 - ERROR - [updateFKPosDisplay] Error parsing RRF status: Expecting value: line 1 column 395 (char 394)
2025-10-17 11:13:38,654 - ERROR - [updateFKPosDisplay] Error parsing RRF status: Expecting value: line 1 column 395 (char 394)
2025-10-17 11:13:39,687 - ERROR - [updateFKPosDisplay] Error parsing RRF status: Expecting value: line 1 column 395 (char 394)
2025-10-17 11:13:40,720 - ERROR - [updateFKPosDisplay] Error parsing RRF status: Expecting value: line 1 column 395 (char 394)
2025-10-17 11:13:41,742 - ERROR - [updateFKPosDisplay] Error parsing RRF status: Expecting value: line 1 column 395 (char 394)
2025-10-17 11:13:42,770 - ERROR - [updateFKPosDisplay] Error parsing RRF status: Expecting value: line 1 column 395 (char 394)
2025-10-17 11:13:43,796 - ERROR - [updateFKPosDisplay] Error parsing RRF status: Expecting value: line 1 column 395 (char 394)
2025-10-17 11:13:44,825 - ERROR - [updateFKPosDisplay] Error parsing RRF status: Expecting value: line 1 column 395 (char 394)
2025-10-17 11:13:45,859 - ERROR - [updateFKPosDisplay] Error parsing RRF status: Expecting value: line 1 column 395 (char 394)
2025-10-17 11:13:46,893 - ERROR - [updateFKPosDisplay] Error parsing RRF status: Expecting value: line 1 column 395 (char 394)
2025-10-17 11:13:47,927 - ERROR - [updateFKPosDisplay] Error parsing RRF status: Expecting value: line 1 column 395 (char 394)
2025-10-17 11:13:48,966 - ERROR - [updateFKPosDisplay] Error parsing RRF status: Expecting value: line 1 column 395 (char 394)
2025-10-17 11:13:49,986 - ERROR - [updateFKPosDisplay] Error parsing RRF status: Expecting value: line 1 column 395 (char 394)
2025-10-17 11:13:51,021 - ERROR - [updateFKPosDisplay] Error parsing RRF status: Expecting value: line 1 column 395 (char 394)
2025-10-17 11:13:52,053 - ERROR - [updateFKPosDisplay] Error parsing RRF status: Expecting value: line 1 column 395 (char 394)
2025-10-17 11:13:53,072 - ERROR - [updateFKPosDisplay] Error parsing RRF status: Expecting value: line 1 column 395 (char 394)
2025-10-17 11:13:54,096 - ERROR - [updateFKPosDisplay] Error parsing RRF status: Expecting value: line 1 column 395 (char 394)
2025-10-17 11:13:55,137 - ERROR - [updateFKPosDisplay] Error parsing RRF status: Expecting value: line 1 column 395 (char 394)
2025-10-17 11:13:56,180 - ERROR - [updateFKPosDisplay] Error parsing RRF status: Expecting value: line 1 column 395 (char 394)
2025-10-17 11:13:57,212 - ERROR - [updateFKPosDisplay] Error parsing RRF status: Expecting value: line 1 column 395 (char 394)
2025-10-17 11:13:58,239 - ERROR - [updateFKPosDisplay] Error parsing RRF status: Expecting value: line 1 column 395 (char 394)
2025-10-17 11:13:59,278 - ERROR - [updateFKPosDisplay] Error parsing RRF status: Expecting value: line 1 column 395 (char 394)
2025-10-17 11:14:00,311 - ERROR - [updateFKPosDisplay] Error parsing RRF status: Expecting value: line 1 column 395 (char 394)
2025-10-17 11:14:01,343 - ERROR - [updateFKPosDisplay] Error parsing RRF status: Expecting value: line 1 column 395 (char 394)
2025-10-17 11:14:02,365 - ERROR - [updateFKPosDisplay] Error parsing RRF status: Expecting value: line 1 column 395 (char 394)
2025-10-17 11:14:03,383 - ERROR - [updateFKPosDisplay] Error parsing RRF status: Expecting value: line 1 column 395 (char 394)
2025-10-17 11:14:04,415 - ERROR - [updateFKPosDisplay] Error parsing RRF status: Expecting value: line 1 column 395 (char 394)
2025-10-17 11:14:05,447 - ERROR - [updateFKPosDisplay] Error parsing RRF status: Expecting value: line 1 column 395 (char 394)
2025-10-17 11:14:06,478 - ERROR - [updateFKPosDisplay] Error parsing RRF status: Expecting value: line 1 column 395 (char 394)
2025-10-17 11:14:07,510 - ERROR - [updateFKPosDisplay] Error parsing RRF status: Expecting value: line 1 column 395 (char 394)
2025-10-17 11:14:08,548 - ERROR - [updateFKPosDisplay] Error parsing RRF status: Expecting value: line 1 column 395 (char 394)
2025-10-17 11:14:09,576 - ERROR - [updateFKPosDisplay] Error parsing RRF status: Expecting value: line 1 column 395 (char 394)
2025-10-17 11:14:10,609 - ERROR - [updateFKPosDisplay] Error parsing RRF status: Expecting value: line 1 column 395 (char 394)
2025-10-17 11:14:11,651 - ERROR - [updateFKPosDisplay] Error parsing RRF status: Expecting value: line 1 column 395 (char 394)
2025-10-17 11:14:12,684 - ERROR - [updateFKPosDisplay] Error parsing RRF status: Expecting value: line 1 column 395 (char 394)
2025-10-17 11:14:13,711 - ERROR - [updateFKPosDisplay] Error parsing RRF status: Expecting value: line 1 column 395 (char 394)
2025-10-17 11:14:14,738 - ERROR - [updateFKPosDisplay] Error parsing RRF status: Expecting value: line 1 column 395 (char 394)
2025-10-17 11:14:15,769 - ERROR - [updateFKPosDisplay] Error parsing RRF status: Expecting value: line 1 column 395 (char 394)
2025-10-17 11:14:16,796 - ERROR - [updateFKPosDisplay] Error parsing RRF status: Expecting value: line 1 column 395 (char 394)
2025-10-17 11:14:17,816 - ERROR - [updateFKPosDisplay] Error parsing RRF status: Expecting value: line 1 column 395 (char 394)
2025-10-17 11:14:18,842 - ERROR - [updateFKPosDisplay] Error parsing RRF status: Expecting value: line 1 column 395 (char 394)
2025-10-17 11:14:19,870 - ERROR - [updateFKPosDisplay] Error parsing RRF status: Expecting value: line 1 column 395 (char 394)
2025-10-17 11:14:25,019 - INFO - [__init__] ============================================================
2025-10-17 11:14:25,019 - INFO - [__init__] ASGARD GUI - MOTOR TO AXIS MAPPING
2025-10-17 11:14:25,019 - INFO - [__init__] ============================================================
2025-10-17 11:14:25,019 - INFO - [__init__] Firmware type: RRF
2025-10-17 11:14:25,019 - INFO - [__init__] GUI Control -> Firmware Axis -> Physical Motor
2025-10-17 11:14:25,020 - INFO - [__init__] ------------------------------------------------------------
2025-10-17 11:14:25,020 - INFO - [__init__] Art1 (Joint 1) -> X axis -> Drive 0
2025-10-17 11:14:25,020 - INFO - [__init__] Art2 (Joint 2) -> Y axis -> Drives 1+2 (COUPLED)
2025-10-17 11:14:25,020 - INFO - [__init__] Art3 (Joint 3) -> Z axis -> Drive 3
2025-10-17 11:14:25,020 - INFO - [__init__] Art4 (Joint 4) -> U axis -> Drive 4
2025-10-17 11:14:25,020 - INFO - [__init__] Art5 (Joint 5) -> V axis -> Drive 5
2025-10-17 11:14:25,020 - INFO - [__init__] Art6 (Joint 6) -> W axis -> Drive 6
2025-10-17 11:14:25,020 - INFO - [__init__] ============================================================
2025-10-17 11:14:28,580 - INFO - [__init__] ============================================================
2025-10-17 11:14:28,580 - INFO - [__init__] ASGARD GUI - MOTOR TO AXIS MAPPING
2025-10-17 11:14:28,580 - INFO - [__init__] ============================================================
2025-10-17 11:14:28,580 - INFO - [__init__] Firmware type: RRF
2025-10-17 11:14:28,580 - INFO - [__init__] GUI Control -> Firmware Axis -> Physical Motor
2025-10-17 11:14:28,580 - INFO - [__init__] ------------------------------------------------------------
2025-10-17 11:14:28,580 - INFO - [__init__] Art1 (Joint 1) -> X axis -> Drive 0
2025-10-17 11:14:28,580 - INFO - [__init__] Art2 (Joint 2) -> Y axis -> Drives 1+2 (COUPLED)
2025-10-17 11:14:28,581 - INFO - [__init__] Art3 (Joint 3) -> Z axis -> Drive 3
2025-10-17 11:14:28,581 - INFO - [__init__] Art4 (Joint 4) -> U axis -> Drive 4
2025-10-17 11:14:28,581 - INFO - [__init__] Art5 (Joint 5) -> V axis -> Drive 5
2025-10-17 11:14:28,581 - INFO - [__init__] Art6 (Joint 6) -> W axis -> Drive 6
2025-10-17 11:14:28,581 - INFO - [__init__] ============================================================
2025-10-17 11:14:48,825 - INFO - [FKMoveArt6] Art6 (Joint 6) commanded to: 9.0° -> Axis: W
2025-10-17 11:14:49,194 - DEBUG - [FKMoveArt6] Sending command: G0 W9.0
2025-10-17 11:14:54,041 - INFO - [FKMoveArt1] Art1 (Joint 1) commanded to: 10.0° -> Axis: X
2025-10-17 11:14:54,281 - DEBUG - [FKMoveArt1] Sending command: G0 X10.0
2025-10-17 11:15:09,152 - INFO - [FKMoveArt2] Art2 (Joint 2 - COUPLED) commanded to: 6.0° -> Axis: Y (motors: Drives 1+2)
2025-10-17 11:15:09,562 - DEBUG - [FKMoveArt2] Sending command: G0 Y6.0
2025-10-17 11:15:21,313 - INFO - [FKMoveArt2] Art2 (Joint 2 - COUPLED) commanded to: 6.0° -> Axis: Y (motors: Drives 1+2)
2025-10-17 11:15:21,846 - DEBUG - [FKMoveArt2] Sending command: G0 Y6.0
2025-10-17 11:15:30,425 - INFO - [FKMoveArt1] Art1 (Joint 1) commanded to: 50.0° -> Axis: X
2025-10-17 11:15:31,043 - DEBUG - [FKMoveArt1] Sending command: G0 X50.0
2025-10-17 11:16:41,901 - INFO - [FKMoveArt2] Art2 (Joint 2 - COUPLED) commanded to: 16.0° -> Axis: Y (motors: Drives 1+2)
2025-10-17 11:16:42,828 - DEBUG - [FKMoveArt2] Sending command: G0 Y16.0
2025-10-17 11:17:00,496 - INFO - [FKMoveArt1] Art1 (Joint 1) commanded to: 30.0° -> Axis: X
2025-10-17 11:17:02,182 - DEBUG - [FKMoveArt1] Sending command: G0 X30.0
